[2020-04-02 16:43:29.119] [exthost] [info] extension host started
[2020-04-02 16:43:29.294] [exthost] [info] ExtensionService#_doActivateExtension vscode.debug-auto-launch {"startup":true,"extensionId":{"value":"vscode.debug-auto-launch","_lower":"vscode.debug-auto-launch"},"activationEvent":"*"}
[2020-04-02 16:43:29.296] [exthost] [info] ExtensionService#loadCommonJSModule file:///snap/code/28/usr/share/code/resources/app/extensions/debug-auto-launch/dist/extension
[2020-04-02 16:43:29.415] [exthost] [info] ExtensionService#_doActivateExtension vscode.emmet {"startup":true,"extensionId":{"value":"vscode.emmet","_lower":"vscode.emmet"},"activationEvent":"*"}
[2020-04-02 16:43:29.416] [exthost] [info] ExtensionService#loadCommonJSModule file:///snap/code/28/usr/share/code/resources/app/extensions/emmet/dist/extension
[2020-04-02 16:43:29.534] [exthost] [info] ExtensionService#_doActivateExtension vscode.git {"startup":true,"extensionId":{"value":"vscode.git","_lower":"vscode.git"},"activationEvent":"*"}
[2020-04-02 16:43:29.534] [exthost] [info] ExtensionService#loadCommonJSModule file:///snap/code/28/usr/share/code/resources/app/extensions/git/dist/main
[2020-04-02 16:43:30.143] [exthost] [info] ExtensionService#_doActivateExtension vscode.github-authentication {"startup":true,"extensionId":{"value":"vscode.github-authentication","_lower":"vscode.github-authentication"},"activationEvent":"*"}
[2020-04-02 16:43:30.145] [exthost] [info] ExtensionService#loadCommonJSModule file:///snap/code/28/usr/share/code/resources/app/extensions/github-authentication/dist/extension.js
[2020-04-02 16:43:30.161] [exthost] [info] ExtensionService#_doActivateExtension vscode.merge-conflict {"startup":true,"extensionId":{"value":"vscode.merge-conflict","_lower":"vscode.merge-conflict"},"activationEvent":"*"}
[2020-04-02 16:43:30.162] [exthost] [info] ExtensionService#loadCommonJSModule file:///snap/code/28/usr/share/code/resources/app/extensions/merge-conflict/dist/extension
[2020-04-02 16:43:30.576] [exthost] [info] ExtensionService#_doActivateExtension vscode.search-result {"startup":true,"extensionId":{"value":"vscode.search-result","_lower":"vscode.search-result"},"activationEvent":"*"}
[2020-04-02 16:43:30.576] [exthost] [info] ExtensionService#loadCommonJSModule file:///snap/code/28/usr/share/code/resources/app/extensions/search-result/dist/extension.js
[2020-04-02 16:43:30.614] [exthost] [info] ExtensionService#_doActivateExtension vscode.vscode-account {"startup":true,"extensionId":{"value":"vscode.vscode-account","_lower":"vscode.vscode-account"},"activationEvent":"*"}
[2020-04-02 16:43:30.615] [exthost] [info] ExtensionService#loadCommonJSModule file:///snap/code/28/usr/share/code/resources/app/extensions/vscode-account/dist/extension.js
[2020-04-02 16:43:30.660] [exthost] [info] ExtensionService#_doActivateExtension ritwickdey.LiveServer {"startup":true,"extensionId":{"value":"ritwickdey.LiveServer","_lower":"ritwickdey.liveserver"},"activationEvent":"*"}
[2020-04-02 16:43:30.661] [exthost] [info] ExtensionService#loadCommonJSModule file:///home/david/.vscode/extensions/ritwickdey.liveserver-5.6.1/out/src/extension
[2020-04-02 16:43:44.054] [exthost] [info] eager extensions activated
[2020-04-02 16:44:45.611] [exthost] [info] ExtensionService#_doActivateExtension vscode.html-language-features {"startup":false,"extensionId":{"value":"vscode.html-language-features","_lower":"vscode.html-language-features"},"activationEvent":"onLanguage:html"}
[2020-04-02 16:44:45.787] [exthost] [info] ExtensionService#loadCommonJSModule file:///snap/code/28/usr/share/code/resources/app/extensions/html-language-features/client/dist/htmlMain
[2020-04-02 16:44:46.068] [exthost] [info] ExtensionService#_doActivateExtension lonefy.vscode-JS-CSS-HTML-formatter {"startup":false,"extensionId":{"value":"lonefy.vscode-JS-CSS-HTML-formatter","_lower":"lonefy.vscode-js-css-html-formatter"},"activationEvent":"onLanguage:html"}
[2020-04-02 16:44:46.069] [exthost] [info] ExtensionService#loadCommonJSModule file:///home/david/.vscode/extensions/lonefy.vscode-js-css-html-formatter-0.2.3/out/src/extension
[2020-04-02 16:45:19.023] [exthost] [info] ExtensionService#_doActivateExtension vscode.typescript-language-features {"startup":false,"extensionId":{"value":"vscode.typescript-language-features","_lower":"vscode.typescript-language-features"},"activationEvent":"onLanguage:javascript"}
[2020-04-02 16:45:19.024] [exthost] [info] ExtensionService#loadCommonJSModule file:///snap/code/28/usr/share/code/resources/app/extensions/typescript-language-features/dist/extension
